<?xml version="1.0" encoding="UTF-8"?>
<testng-results skipped="0" failed="0" ignored="0" total="1" passed="1">
  <reporter-output>
  </reporter-output>
  <suite name="Default suite" duration-ms="43150" started-at="2024-06-12T07:07:06 IST" finished-at="2024-06-12T07:07:49 IST">
    <groups>
      <group name="cucumber">
        <method signature="AbstractTestNGCucumberTests.runScenario(io.cucumber.testng.PickleWrapper,io.cucumber.testng.FeatureWrapper)[pri:0, instance:runner.CucumberRunner@6366ebe0]" name="runScenario" class="io.cucumber.testng.AbstractTestNGCucumberTests"/>
      </group> <!-- cucumber -->
    </groups>
    <test name="Default test" duration-ms="43150" started-at="2024-06-12T07:07:06 IST" finished-at="2024-06-12T07:07:49 IST">
      <class name="runner.CucumberRunner">
        <test-method status="PASS" signature="setUpClass(org.testng.ITestContext)[pri:0, instance:runner.CucumberRunner@6366ebe0]" name="setUpClass" is-config="true" duration-ms="1131" started-at="2024-06-12T07:07:06 IST" finished-at="2024-06-12T07:07:07 IST">
          <params>
            <param index="0">
              <value>
                <![CDATA[org.testng.TestRunner@64a4dd8d]]>
              </value>
            </param>
          </params>
          <reporter-output>
          </reporter-output>
        </test-method> <!-- setUpClass -->
        <test-method status="PASS" signature="preConditions()[pri:0, instance:runner.CucumberRunner@6366ebe0]" name="preConditions" is-config="true" duration-ms="26255" started-at="2024-06-12T07:07:07 IST" finished-at="2024-06-12T07:07:33 IST">
          <reporter-output>
          </reporter-output>
        </test-method> <!-- preConditions -->
        <test-method status="PASS" signature="runScenario(io.cucumber.testng.PickleWrapper,io.cucumber.testng.FeatureWrapper)[pri:0, instance:runner.CucumberRunner@6366ebe0]" name="runScenario" duration-ms="13560" started-at="2024-06-12T07:07:33 IST" description="Runs Cucumber Scenarios" data-provider="scenarios" finished-at="2024-06-12T07:07:47 IST">
          <params>
            <param index="0">
              <value>
                <![CDATA["Login with Valid Credentials"]]>
              </value>
            </param>
            <param index="1">
              <value>
                <![CDATA["Login into Salesforce Application"]]>
              </value>
            </param>
          </params>
          <reporter-output>
          </reporter-output>
        </test-method> <!-- runScenario -->
        <test-method status="PASS" signature="postCondition()[pri:0, instance:runner.CucumberRunner@6366ebe0]" name="postCondition" is-config="true" duration-ms="340" started-at="2024-06-12T07:07:47 IST" finished-at="2024-06-12T07:07:47 IST">
          <reporter-output>
          </reporter-output>
        </test-method> <!-- postCondition -->
        <test-method status="PASS" signature="tearDownClass()[pri:0, instance:runner.CucumberRunner@6366ebe0]" name="tearDownClass" is-config="true" duration-ms="1799" started-at="2024-06-12T07:07:47 IST" finished-at="2024-06-12T07:07:49 IST">
          <reporter-output>
          </reporter-output>
        </test-method> <!-- tearDownClass -->
      </class> <!-- runner.CucumberRunner -->
    </test> <!-- Default test -->
  </suite> <!-- Default suite -->
</testng-results>
